<?xml version="1.0" encoding="utf-8"?><testsuites name="pytest tests"><testsuite name="pytest" errors="0" failures="0" skipped="0" tests="4" time="3.635" timestamp="2026-06-13T22:10:35.412035+00:00" hostname="agent-env-f180f844-eabc-4941-86bd-396ae7d6173c"><testcase classname="tests.test_institutions_phase" name="test_directory_lists_institutions" time="0.530" /><testcase classname="tests.test_institutions_phase" name="test_institution_overview_and_analytics" time="0.753" /><testcase classname="tests.test_institutions_phase" name="test_create_unit_and_membership" time="0.829" /><testcase classname="tests.test_institutions_phase" name="test_claim_flow" time="1.432" /></testsuite></testsuites>