<?xml version="1.0" encoding="utf-8"?><testsuites name="pytest tests"><testsuite name="pytest" errors="0" failures="4" skipped="0" tests="24" time="13.957" timestamp="2026-06-13T13:32:15.881911+00:00" hostname="agent-env-f180f844-eabc-4941-86bd-396ae7d6173c"><testcase classname="tests.backend_test" name="test_health_root" time="0.246" /><testcase classname="tests.backend_test.TestAuth" name="test_register_then_me" time="0.133"><failure message="AssertionError: {&quot;detail&quot;:[{&quot;type&quot;:&quot;value_error&quot;,&quot;loc&quot;:[&quot;body&quot;,&quot;email&quot;],&quot;msg&quot;:&quot;value is not a valid email address: The part after the @-sign is a special-use or reserved name that cannot be used with email.&quot;,&quot;input&quot;:&quot;TEST_99281f2a@synaptiq.test&quot;,&quot;ctx&quot;:{&quot;reason&quot;:&quot;The part after the @-sign is a special-use or reserved name that cannot be used with email.&quot;}}]}&#10;assert 422 in (200, 201)&#10; +  where 422 = &lt;Response [422]&gt;.status_code">tests/backend_test.py:84: in test_register_then_me
    assert r.status_code in (200, 201), r.text
E   AssertionError: {"detail":[{"type":"value_error","loc":["body","email"],"msg":"value is not a valid email address: The part after the @-sign is a special-use or reserved name that cannot be used with email.","input":"TEST_99281f2a@synaptiq.test","ctx":{"reason":"The part after the @-sign is a special-use or reserved name that cannot be used with email."}}]}
E   assert 422 in (200, 201)
E    +  where 422 = &lt;Response [422]&gt;.status_code</failure></testcase><testcase classname="tests.backend_test.TestAuth" name="test_login_elena_and_me" time="0.367"><failure message="AssertionError: assert 'user' in {'academic_role': 'Associate Professor', 'availability': 'Available', 'avatar_url': 'https://images.unsplash.com/photo-1580894732444-8ecded7900cd?w=400&amp;h=400&amp;fit=crop', 'biography': 'Computational linguistics and ethical AI. PI of the SymGraph lab. ERC Starting Grant recipient.', ...}">tests/backend_test.py:99: in test_login_elena_and_me
    assert "user" in data
E   AssertionError: assert 'user' in {'academic_role': 'Associate Professor', 'availability': 'Available', 'avatar_url': 'https://images.unsplash.com/photo-1580894732444-8ecded7900cd?w=400&amp;h=400&amp;fit=crop', 'biography': 'Computational linguistics and ethical AI. PI of the SymGraph lab. ERC Starting Grant recipient.', ...}</failure></testcase><testcase classname="tests.backend_test.TestAuth" name="test_login_wrong_password" time="0.356" /><testcase classname="tests.backend_test.TestAuth" name="test_logout_clears_cookie" time="0.441" /><testcase classname="tests.backend_test.TestUsers" name="test_patch_me" time="0.474" /><testcase classname="tests.backend_test.TestUsers" name="test_search_by_q_cape" time="0.060" /><testcase classname="tests.backend_test.TestUsers" name="test_search_by_research_area_healthcare" time="0.047" /><testcase classname="tests.backend_test.TestUsers" name="test_get_user_by_id_and_404" time="0.147" /><testcase classname="tests.backend_test.TestCollaborations" name="test_list_open_collabs" time="0.047" /><testcase classname="tests.backend_test.TestCollaborations" name="test_filter_by_collab_type_journal" time="0.047" /><testcase classname="tests.backend_test.TestCollaborations" name="test_create_collab_creates_project" time="0.054" /><testcase classname="tests.backend_test.TestCollaborations" name="test_apply_to_own_collab_400" time="0.048" /><testcase classname="tests.backend_test.TestCollaborations" name="test_apply_to_others_collab_flow" time="0.657" /><testcase classname="tests.backend_test.TestProjects" name="test_list_projects" time="0.048" /><testcase classname="tests.backend_test.TestProjects" name="test_get_project_detail_with_members_info" time="0.046" /><testcase classname="tests.backend_test.TestProjects" name="test_patch_project_fields" time="0.093" /><testcase classname="tests.backend_test.TestProjects" name="test_tasks_crud" time="0.136"><failure message="assert 404 == 200&#10; +  where 404 = &lt;Response [404]&gt;.status_code">tests/backend_test.py:299: in test_tasks_crud
    assert ru.status_code == 200
E   assert 404 == 200
E    +  where 404 = &lt;Response [404]&gt;.status_code</failure></testcase><testcase classname="tests.backend_test.TestProjects" name="test_literature_crud" time="0.113" /><testcase classname="tests.backend_test.TestMessages" name="test_send_message_and_thread" time="0.475"><failure message="AttributeError: 'str' object has no attribute 'get'">tests/backend_test.py:330: in test_send_message_and_thread
    contents = [m.get("content") for m in rt.json()]
               ^^^^^^^^^^^^^^^^^^^^^^^^^^^^^^^^^^^^^
tests/backend_test.py:330: in &lt;listcomp&gt;
    contents = [m.get("content") for m in rt.json()]
                ^^^^^
E   AttributeError: 'str' object has no attribute 'get'</failure></testcase><testcase classname="tests.backend_test.TestNotifications" name="test_mark_read" time="0.097" /><testcase classname="tests.backend_test.TestDiscoverAnalytics" name="test_discover_feed" time="0.052" /><testcase classname="tests.backend_test.TestDiscoverAnalytics" name="test_analytics_me" time="0.048" /><testcase classname="tests.backend_test.TestAI" name="test_recommend_collaborators" time="9.449" /></testsuite></testsuites>