<?xml version="1.0" encoding="utf-8"?><testsuites name="pytest tests"><testsuite name="pytest" errors="0" failures="0" skipped="0" tests="6" time="2.805" timestamp="2026-06-13T21:13:11.688180+00:00" hostname="agent-env-f180f844-eabc-4941-86bd-396ae7d6173c"><testcase classname="backend.tests.test_marketplace_extras" name="test_marketplace_analytics_shape" time="0.444" /><testcase classname="backend.tests.test_marketplace_extras" name="test_reputation_me_has_weights_and_subscores" time="0.371" /><testcase classname="backend.tests.test_marketplace_extras" name="test_expertise_list_with_facets" time="0.375" /><testcase classname="backend.tests.test_marketplace_extras" name="test_marketplace_search_returns_results" time="0.421" /><testcase classname="backend.tests.test_marketplace_extras" name="test_reputation_sync_openalex_no_500" time="0.754" /><testcase classname="backend.tests.test_marketplace_extras" name="test_marketplace_roles_complete" time="0.375" /></testsuite></testsuites>