<?xml version="1.0" encoding="utf-8"?><testsuites name="pytest tests"><testsuite name="pytest" errors="0" failures="0" skipped="0" tests="11" time="86.769" timestamp="2026-06-13T19:21:05.538477+00:00" hostname="agent-env-f180f844-eabc-4941-86bd-396ae7d6173c"><testcase classname="backend.tests.backend_phase6_test.TestDeadlines" name="test_deadlines_mine_shape" time="0.524" /><testcase classname="backend.tests.backend_phase6_test.TestDeadlines" name="test_deadlines_workspace_dashboard_embed" time="0.139" /><testcase classname="backend.tests.backend_phase6_test.TestAIMatching" name="test_01_journal" time="19.356" /><testcase classname="backend.tests.backend_phase6_test.TestAIMatching" name="test_02_conference" time="20.276" /><testcase classname="backend.tests.backend_phase6_test.TestAIMatching" name="test_03_grant" time="21.763" /><testcase classname="backend.tests.backend_phase6_test.TestAIMatching" name="test_04_reviewer" time="23.979" /><testcase classname="backend.tests.backend_phase6_test.TestAIMatching" name="test_05_forbidden_non_author" time="0.429" /><testcase classname="backend.tests.backend_phase6_test.TestHistoryAnalytics" name="test_history_journal" time="0.052" /><testcase classname="backend.tests.backend_phase6_test.TestHistoryAnalytics" name="test_history_all" time="0.053" /><testcase classname="backend.tests.backend_phase6_test.TestHistoryAnalytics" name="test_analytics_user_scope" time="0.055" /><testcase classname="backend.tests.backend_phase6_test.TestHistoryAnalytics" name="test_analytics_admin_global" time="0.049" /></testsuite></testsuites>