<?xml version="1.0" encoding="utf-8"?><testsuites name="pytest tests"><testsuite name="pytest" errors="0" failures="1" skipped="0" tests="25" time="4.786" timestamp="2026-06-13T15:11:38.817500+00:00" hostname="agent-env-f180f844-eabc-4941-86bd-396ae7d6173c"><testcase classname="backend.tests.backend_phase4_test.TestRegression" name="test_discover_feed" time="0.604" /><testcase classname="backend.tests.backend_phase4_test.TestRegression" name="test_journals" time="0.054" /><testcase classname="backend.tests.backend_phase4_test.TestRegression" name="test_billing_plans" time="0.049" /><testcase classname="backend.tests.backend_phase4_test.TestRegression" name="test_credits_balance" time="0.049" /><testcase classname="backend.tests.backend_phase4_test.TestDirectConversations" name="test_create_direct_idempotent" time="0.509" /><testcase classname="backend.tests.backend_phase4_test.TestDirectConversations" name="test_cannot_message_yourself" time="0.050" /><testcase classname="backend.tests.backend_phase4_test.TestDirectConversations" name="test_direct_third_party_different" time="0.454" /><testcase classname="backend.tests.backend_phase4_test.TestContextConversations" name="test_collab_context" time="0.175" /><testcase classname="backend.tests.backend_phase4_test.TestContextConversations" name="test_invalid_context" time="0.059"><failure message="assert 200 in (400, 404)&#10; +  where 200 = &lt;Response [200]&gt;.status_code">backend/tests/backend_phase4_test.py:129: in test_invalid_context
    assert r.status_code in (400, 404)
E   assert 200 in (400, 404)
E    +  where 200 = &lt;Response [200]&gt;.status_code</failure></testcase><testcase classname="backend.tests.backend_phase4_test.TestListAndFilter" name="test_list_conversations" time="0.065" /><testcase classname="backend.tests.backend_phase4_test.TestListAndFilter" name="test_filter_by_type" time="0.144" /><testcase classname="backend.tests.backend_phase4_test.TestListAndFilter" name="test_search_q" time="0.057" /><testcase classname="backend.tests.backend_phase4_test.TestMessages" name="test_post_message_with_mention" time="0.131" /><testcase classname="backend.tests.backend_phase4_test.TestMessages" name="test_list_messages_ordering" time="0.122" /><testcase classname="backend.tests.backend_phase4_test.TestMessages" name="test_non_member_forbidden" time="0.093" /><testcase classname="backend.tests.backend_phase4_test.TestReadReceipts" name="test_mark_read_drops_unread" time="0.185" /><testcase classname="backend.tests.backend_phase4_test.TestMentionNotification" name="test_mention_notif_for_marcus" time="0.049" /><testcase classname="backend.tests.backend_phase4_test.TestAttachments" name="test_upload_pdf" time="0.260" /><testcase classname="backend.tests.backend_phase4_test.TestAttachments" name="test_upload_png" time="0.246" /><testcase classname="backend.tests.backend_phase4_test.TestAttachments" name="test_upload_unsupported" time="0.047" /><testcase classname="backend.tests.backend_phase4_test.TestAttachments" name="test_attach_to_message_and_security" time="0.319" /><testcase classname="backend.tests.backend_phase4_test.TestSharedResources" name="test_share_journal" time="0.101" /><testcase classname="backend.tests.backend_phase4_test.TestWebSocket" name="test_ws_member_receives_message" time="0.556" /><testcase classname="backend.tests.backend_phase4_test.TestWebSocket" name="test_ws_non_member_4403" time="0.154" /><testcase classname="backend.tests.backend_phase4_test.TestWebSocket" name="test_ws_no_cookie_4401" time="0.153" /></testsuite></testsuites>