<?xml version="1.0" encoding="utf-8"?><testsuites name="pytest tests"><testsuite name="pytest" errors="0" failures="0" skipped="0" tests="17" time="5.809" timestamp="2026-06-13T15:29:41.231915+00:00" hostname="agent-env-f180f844-eabc-4941-86bd-396ae7d6173c"><testcase classname="backend.tests.backend_phase4_1_test.TestRegression" name="test_login_elena" time="0.530" /><testcase classname="backend.tests.backend_phase4_1_test.TestRegression" name="test_conversations_idempotency" time="0.583" /><testcase classname="backend.tests.backend_phase4_1_test.TestRegression" name="test_discover_feed" time="0.055" /><testcase classname="backend.tests.backend_phase4_1_test.TestRegression" name="test_billing_plans" time="0.057" /><testcase classname="backend.tests.backend_phase4_1_test.TestReply" name="test_reply_snippet_matches_parent" time="0.185" /><testcase classname="backend.tests.backend_phase4_1_test.TestReply" name="test_reply_to_cross_conv_400" time="0.572" /><testcase classname="backend.tests.backend_phase4_1_test.TestEdit" name="test_edit_by_sender" time="0.114" /><testcase classname="backend.tests.backend_phase4_1_test.TestEdit" name="test_edit_by_non_sender_403" time="0.101" /><testcase classname="backend.tests.backend_phase4_1_test.TestEdit" name="test_edit_by_non_member_403" time="0.100" /><testcase classname="backend.tests.backend_phase4_1_test.TestEdit" name="test_edit_empty_400" time="0.098" /><testcase classname="backend.tests.backend_phase4_1_test.TestEditHistory" name="test_history_preserves_original" time="0.201" /><testcase classname="backend.tests.backend_phase4_1_test.TestNotifications" name="test_message_creates_in_app_notification" time="0.664" /><testcase classname="backend.tests.backend_phase4_1_test.TestNotifications" name="test_mention_creates_mention_notification" time="0.596" /><testcase classname="backend.tests.backend_phase4_1_test" name="test_ws_user_missing_cookie_4401" time="0.152" /><testcase classname="backend.tests.backend_phase4_1_test" name="test_ws_user_with_cookie_accepts_and_unread_delta" time="0.544" /><testcase classname="backend.tests.backend_phase4_1_test" name="test_ws_user_mark_read_reset" time="0.525" /><testcase classname="backend.tests.backend_phase4_1_test" name="test_edit_broadcasts_message_edited" time="0.636" /></testsuite></testsuites>