<?xml version="1.0" encoding="utf-8"?><testsuites name="pytest tests"><testsuite name="pytest" errors="0" failures="0" skipped="0" tests="22" time="3.473" timestamp="2026-06-13T16:33:51.158147+00:00" hostname="agent-env-f180f844-eabc-4941-86bd-396ae7d6173c"><testcase classname="backend.tests.backend_research_os_test.TestStaticLookups" name="test_workspace_roles" time="0.524" /><testcase classname="backend.tests.backend_research_os_test.TestStaticLookups" name="test_task_statuses" time="0.041" /><testcase classname="backend.tests.backend_research_os_test.TestStaticLookups" name="test_manuscript_statuses" time="0.043" /><testcase classname="backend.tests.backend_research_os_test.TestWorkspaceCreate" name="test_create_assigns_owner_role" time="0.135" /><testcase classname="backend.tests.backend_research_os_test.TestWorkspaceDashboard" name="test_dashboard_shape" time="0.084" /><testcase classname="backend.tests.backend_research_os_test.TestWorkspaceDashboard" name="test_non_member_dashboard_403" time="0.458" /><testcase classname="backend.tests.backend_research_os_test.TestInvitations" name="test_invite_and_accept" time="0.571" /><testcase classname="backend.tests.backend_research_os_test.TestInvitations" name="test_invite_non_admin_403" time="0.049" /><testcase classname="backend.tests.backend_research_os_test.TestInvitations" name="test_invite_decline" time="0.151" /><testcase classname="backend.tests.backend_research_os_test.TestRoleManagement" name="test_promote_marcus_to_pi" time="0.100" /><testcase classname="backend.tests.backend_research_os_test.TestRoleManagement" name="test_cannot_promote_to_owner" time="0.044" /><testcase classname="backend.tests.backend_research_os_test.TestRoleManagement" name="test_non_admin_cannot_change_role" time="0.151" /><testcase classname="backend.tests.backend_research_os_test.TestRoleManagement" name="test_cannot_remove_owner" time="0.046" /><testcase classname="backend.tests.backend_research_os_test.TestManuscriptVersions" name="test_snapshot_and_list" time="0.170" /><testcase classname="backend.tests.backend_research_os_test.TestManuscriptVersions" name="test_restore_creates_auto_and_restore_snapshots" time="0.172" /><testcase classname="backend.tests.backend_research_os_test.TestManuscriptVersions" name="test_non_member_versions_403" time="0.053" /><testcase classname="backend.tests.backend_research_os_test.TestManuscriptComments" name="test_add_list_resolve" time="0.217" /><testcase classname="backend.tests.backend_research_os_test.TestManuscriptContributions" name="test_upsert_and_aggregate" time="0.128" /><testcase classname="backend.tests.backend_research_os_test.TestManuscriptAuthors" name="test_reorder_and_set_corresponding" time="0.046" /><testcase classname="backend.tests.backend_research_os_test.TestManuscriptAuthors" name="test_corresponding_must_be_in_order" time="0.127" /><testcase classname="backend.tests.backend_research_os_test.TestManuscriptMetaAndDashboard" name="test_meta_update_keywords" time="0.046" /><testcase classname="backend.tests.backend_research_os_test.TestManuscriptMetaAndDashboard" name="test_dashboard_shape" time="0.047" /></testsuite></testsuites>