<?xml version="1.0" encoding="utf-8"?><testsuites name="pytest tests"><testsuite name="pytest" errors="0" failures="0" skipped="0" tests="20" time="3.894" timestamp="2026-06-13T17:02:49.225577+00:00" hostname="agent-env-f180f844-eabc-4941-86bd-396ae7d6173c"><testcase classname="backend.tests.backend_phase_kanban_review_email_test.TestWorkspaceTasksKanban" name="test_returns_projects_and_tasks_shape" time="0.553" /><testcase classname="backend.tests.backend_phase_kanban_review_email_test.TestWorkspaceTasksKanban" name="test_workspace_tasks_forbidden_for_non_member" time="0.412" /><testcase classname="backend.tests.backend_phase_kanban_review_email_test.TestWorkspaceTasksKanban" name="test_task_create_then_appears_in_workspace_aggregation" time="0.189" /><testcase classname="backend.tests.backend_phase_kanban_review_email_test.TestReviewWorkflow" name="test_review_verdicts_catalog" time="0.044" /><testcase classname="backend.tests.backend_phase_kanban_review_email_test.TestReviewWorkflow" name="test_full_review_lifecycle_request_accept_verdict" time="0.939" /><testcase classname="backend.tests.backend_phase_kanban_review_email_test.TestReviewWorkflow" name="test_review_decline_path" time="0.162" /><testcase classname="backend.tests.backend_phase_kanban_review_email_test.TestReviewWorkflow" name="test_status_filter_on_mine" time="0.224" /><testcase classname="backend.tests.backend_phase_kanban_review_email_test.TestEmailInfrastructure" name="test_resend_sdk_import_works" time="0.183" /><testcase classname="backend.tests.backend_phase_kanban_review_email_test.TestEmailInfrastructure" name="test_email_service_import_works" time="0.063" /><testcase classname="backend.tests.backend_phase_kanban_review_email_test.TestEmailInfrastructure" name="test_email_config_endpoint_reports_dry_run" time="0.050" /><testcase classname="backend.tests.backend_phase_kanban_review_email_test.TestEmailInfrastructure" name="test_email_preview_renders_html[password_reset]" time="0.047" /><testcase classname="backend.tests.backend_phase_kanban_review_email_test.TestEmailInfrastructure" name="test_email_preview_renders_html[workspace_invitation]" time="0.045" /><testcase classname="backend.tests.backend_phase_kanban_review_email_test.TestEmailInfrastructure" name="test_email_preview_renders_html[review_request]" time="0.046" /><testcase classname="backend.tests.backend_phase_kanban_review_email_test.TestEmailInfrastructure" name="test_email_preview_renders_html[collaboration_invitation_application]" time="0.047" /><testcase classname="backend.tests.backend_phase_kanban_review_email_test.TestEmailInfrastructure" name="test_email_preview_renders_html[collaboration_invitation_decision]" time="0.045" /><testcase classname="backend.tests.backend_phase_kanban_review_email_test.TestEmailInfrastructure" name="test_email_preview_unknown_template_404" time="0.046" /><testcase classname="backend.tests.backend_phase_kanban_review_email_test.TestEmailInfrastructure" name="test_email_test_requires_admin" time="0.047" /><testcase classname="backend.tests.backend_phase_kanban_review_email_test.TestEmailInfrastructure" name="test_email_test_admin_dry_run_ok" time="0.464" /><testcase classname="backend.tests.backend_phase_kanban_review_email_test.TestEmailInfrastructure" name="test_email_test_admin_unknown_template" time="0.070" /><testcase classname="backend.tests.backend_phase_kanban_review_email_test.TestEmailInfrastructure" name="test_forgot_password_logs_email_dry_run" time="0.115" /></testsuite></testsuites>