<?xml version="1.0" encoding="utf-8"?><testsuites name="pytest tests"><testsuite name="pytest" errors="0" failures="0" skipped="0" tests="6" time="2.373" timestamp="2026-06-13T22:43:46.936155+00:00" hostname="agent-env-f180f844-eabc-4941-86bd-396ae7d6173c"><testcase classname="tests.test_orcid_phase" name="test_config_endpoint_public" time="0.226" /><testcase classname="tests.test_orcid_phase" name="test_status_for_unlinked_user" time="0.385" /><testcase classname="tests.test_orcid_phase" name="test_authorize_gracefully_503_when_not_configured" time="0.401" /><testcase classname="tests.test_orcid_phase" name="test_sync_history_endpoint" time="0.388" /><testcase classname="tests.test_orcid_phase" name="test_publications_endpoint_empty" time="0.365" /><testcase classname="tests.test_orcid_phase" name="test_seed_orcid_publication_appears_in_listing" time="0.548" /></testsuite></testsuites>