<?xml version="1.0" encoding="utf-8"?><testsuites name="pytest tests"><testsuite name="pytest" errors="0" failures="0" skipped="0" tests="8" time="7.424" timestamp="2026-06-14T16:19:28.218352+00:00" hostname="agent-env-f180f844-eabc-4941-86bd-396ae7d6173c"><testcase classname="tests.test_attachments_phase" name="test_csv_preview_and_expertise_attachments_grants_cross_access" time="2.412" /><testcase classname="tests.test_files_phase" name="test_full_file_lifecycle" time="1.264" /><testcase classname="tests.test_files_phase" name="test_rejects_disallowed_mime" time="0.341" /><testcase classname="tests.test_files_phase" name="test_blocks_non_member_access" time="0.290" /><testcase classname="tests.test_marketplace_phase" name="test_reputation_me" time="0.291" /><testcase classname="tests.test_marketplace_phase" name="test_marketplace_search_and_roles" time="0.353" /><testcase classname="tests.test_marketplace_phase" name="test_expertise_request_flow" time="1.351" /><testcase classname="tests.test_marketplace_phase" name="test_marketplace_invite_and_analytics" time="1.062" /></testsuite></testsuites>