<?xml version="1.0" encoding="utf-8"?><testsuites name="pytest tests"><testsuite name="pytest" errors="0" failures="0" skipped="0" tests="6" time="3.639" timestamp="2026-06-13T22:12:38.112719+00:00" hostname="agent-env-f180f844-eabc-4941-86bd-396ae7d6173c"><testcase classname="tests.test_institutions_smoke_iter13" name="test_directory_has_at_least_two" time="0.473" /><testcase classname="tests.test_institutions_smoke_iter13" name="test_detail_has_my_membership_for_elena_at_synaptiq" time="0.425" /><testcase classname="tests.test_institutions_smoke_iter13" name="test_synaptiq_hq_analytics_researchers_ge_one" time="0.428" /><testcase classname="tests.test_institutions_smoke_iter13" name="test_governance_create_unit_patch_delete_and_audit" time="0.623" /><testcase classname="tests.test_institutions_smoke_iter13" name="test_seat_cap_enforced_and_patch_updates_total" time="0.559" /><testcase classname="tests.test_institutions_smoke_iter13" name="test_claim_auto_verify_email_domain" time="1.055" /></testsuite></testsuites>