<?xml version="1.0" encoding="utf-8"?><testsuites name="pytest tests"><testsuite name="pytest" errors="0" failures="1" skipped="0" tests="14" time="3.417" timestamp="2026-06-14T17:14:22.607896+00:00" hostname="agent-env-f180f844-eabc-4941-86bd-396ae7d6173c"><testcase classname="backend.tests.test_hardening_iter18.TestCORS" name="test_cors_allowed_origin_echoed_not_wildcard" time="0.117"><failure message="AssertionError: ACAO should echo allowlisted origin, got '*'&#10;assert '*' == 'https://idea...gentagent.com'&#10;  &#10;  - https://idea-to-pub.preview.emergentagent.com&#10;  + *">backend/tests/test_hardening_iter18.py:33: in test_cors_allowed_origin_echoed_not_wildcard
    assert acao == ALLOWED_ORIGIN, f"ACAO should echo allowlisted origin, got {acao!r}"
E   AssertionError: ACAO should echo allowlisted origin, got '*'
E   assert '*' == 'https://idea...gentagent.com'
E     
E     - https://idea-to-pub.preview.emergentagent.com
E     + *</failure></testcase><testcase classname="backend.tests.test_hardening_iter18.TestRegistrationPolicy" name="test_weak_password_short_returns_400" time="0.173" /><testcase classname="backend.tests.test_hardening_iter18.TestRegistrationPolicy" name="test_password_missing_complexity_returns_400" time="0.096" /><testcase classname="backend.tests.test_hardening_iter18.TestRegistrationPolicy" name="test_strong_password_registers_and_unverified" time="0.327" /><testcase classname="backend.tests.test_hardening_iter18.TestLoginCookies" name="test_login_success_sets_httponly_cookies" time="0.331" /><testcase classname="backend.tests.test_hardening_iter18.TestLoginCookies" name="test_login_invalid_credentials_401" time="0.105" /><testcase classname="backend.tests.test_hardening_iter18.TestLoginCookies" name="test_me_no_sensitive_fields" time="0.404" /><testcase classname="backend.tests.test_hardening_iter18.TestForgotPasswordNoLeak" name="test_forgot_password_does_not_expose_debug_token" time="0.104" /><testcase classname="backend.tests.test_hardening_iter18.TestEmailVerification" name="test_verify_email_missing_token" time="0.107" /><testcase classname="backend.tests.test_hardening_iter18.TestEmailVerification" name="test_verify_email_junk_token" time="0.104" /><testcase classname="backend.tests.test_hardening_iter18.TestEmailVerification" name="test_resend_verification_existing_unverified" time="0.433" /><testcase classname="backend.tests.test_hardening_iter18.TestEmailVerification" name="test_resend_verification_unknown_email_no_enumeration" time="0.098" /><testcase classname="backend.tests.test_hardening_iter18.TestConsent" name="test_submit_and_get_latest" time="0.214" /><testcase classname="backend.tests.test_hardening_iter18.TestRateLimit" name="test_login_rate_limit_kicks_in" time="0.700" /></testsuite></testsuites>