<?xml version="1.0" encoding="utf-8"?><testsuites name="pytest tests"><testsuite name="pytest" errors="0" failures="0" skipped="0" tests="17" time="9.497" timestamp="2026-06-14T15:47:10.130424+00:00" hostname="agent-env-f180f844-eabc-4941-86bd-396ae7d6173c"><testcase classname="tests.test_files_phase" name="test_full_file_lifecycle" time="1.259" /><testcase classname="tests.test_files_phase" name="test_rejects_disallowed_mime" time="0.334" /><testcase classname="tests.test_files_phase" name="test_blocks_non_member_access" time="0.291" /><testcase classname="tests.test_marketplace_phase" name="test_reputation_me" time="0.289" /><testcase classname="tests.test_marketplace_phase" name="test_marketplace_search_and_roles" time="0.343" /><testcase classname="tests.test_marketplace_phase" name="test_expertise_request_flow" time="1.357" /><testcase classname="tests.test_marketplace_phase" name="test_marketplace_invite_and_analytics" time="1.051" /><testcase classname="tests.test_orcid_phase" name="test_config_endpoint_public" time="0.023" /><testcase classname="tests.test_orcid_phase" name="test_status_for_unlinked_user" time="0.290" /><testcase classname="tests.test_orcid_phase" name="test_authorize_gracefully_503_when_not_configured" time="0.292" /><testcase classname="tests.test_orcid_phase" name="test_sync_history_endpoint" time="0.293" /><testcase classname="tests.test_orcid_phase" name="test_publications_endpoint_empty" time="0.289" /><testcase classname="tests.test_orcid_phase" name="test_seed_orcid_publication_appears_in_listing" time="0.454" /><testcase classname="tests.test_institutions_phase" name="test_directory_lists_institutions" time="0.290" /><testcase classname="tests.test_institutions_phase" name="test_institution_overview_and_analytics" time="0.612" /><testcase classname="tests.test_institutions_phase" name="test_create_unit_and_membership" time="0.654" /><testcase classname="tests.test_institutions_phase" name="test_claim_flow" time="1.309" /></testsuite></testsuites>