<?xml version="1.0" encoding="utf-8"?><testsuites name="pytest tests"><testsuite name="pytest" errors="0" failures="0" skipped="0" tests="4" time="3.690" timestamp="2026-06-13T21:12:47.240738+00:00" hostname="agent-env-f180f844-eabc-4941-86bd-396ae7d6173c"><testcase classname="backend.tests.test_marketplace_phase" name="test_reputation_me" time="0.492" /><testcase classname="backend.tests.test_marketplace_phase" name="test_marketplace_search_and_roles" time="0.458" /><testcase classname="backend.tests.test_marketplace_phase" name="test_expertise_request_flow" time="1.501" /><testcase classname="backend.tests.test_marketplace_phase" name="test_marketplace_invite_and_analytics" time="1.182" /></testsuite></testsuites>