<?xml version="1.0" encoding="utf-8"?><testsuites name="pytest tests"><testsuite name="pytest" errors="0" failures="0" skipped="0" tests="27" time="3.932" timestamp="2026-06-13T18:13:03.568015+00:00" hostname="agent-env-f180f844-eabc-4941-86bd-396ae7d6173c"><testcase classname="backend.tests.backend_phase5_discovery_test.TestDiscoveryAdmin" name="test_sources" time="0.425" /><testcase classname="backend.tests.backend_phase5_discovery_test.TestDiscoveryAdmin" name="test_stats_counts" time="0.078" /><testcase classname="backend.tests.backend_phase5_discovery_test.TestDiscoveryAdmin" name="test_sync_requires_admin" time="0.051" /><testcase classname="backend.tests.backend_phase5_discovery_test.TestDiscoveryAdmin" name="test_sync_admin_queues" time="0.431" /><testcase classname="backend.tests.backend_phase5_discovery_test.TestDiscoveryAdmin" name="test_sync_invalid_kind" time="0.048" /><testcase classname="backend.tests.backend_phase5_discovery_test.TestDiscoveryAdmin" name="test_runs_audit" time="0.055" /><testcase classname="backend.tests.backend_phase5_discovery_test.TestJournals" name="test_list_paginated" time="0.063" /><testcase classname="backend.tests.backend_phase5_discovery_test.TestJournals" name="test_search_neural" time="0.055" /><testcase classname="backend.tests.backend_phase5_discovery_test.TestJournals" name="test_filter_quartile_oa" time="0.056" /><testcase classname="backend.tests.backend_phase5_discovery_test.TestJournals" name="test_facets" time="0.095" /><testcase classname="backend.tests.backend_phase5_discovery_test.TestJournals" name="test_detail" time="0.114" /><testcase classname="backend.tests.backend_phase5_discovery_test.TestJournals" name="test_detail_404" time="0.054" /><testcase classname="backend.tests.backend_phase5_discovery_test.TestConferences" name="test_list" time="0.052" /><testcase classname="backend.tests.backend_phase5_discovery_test.TestConferences" name="test_search" time="0.053" /><testcase classname="backend.tests.backend_phase5_discovery_test.TestConferences" name="test_filter_open" time="0.053" /><testcase classname="backend.tests.backend_phase5_discovery_test.TestConferences" name="test_facets" time="0.054" /><testcase classname="backend.tests.backend_phase5_discovery_test.TestConferences" name="test_detail" time="0.108" /><testcase classname="backend.tests.backend_phase5_discovery_test.TestGrants" name="test_list" time="0.075" /><testcase classname="backend.tests.backend_phase5_discovery_test.TestGrants" name="test_overview_legacy" time="0.064" /><testcase classname="backend.tests.backend_phase5_discovery_test.TestGrants" name="test_facets" time="0.079" /><testcase classname="backend.tests.backend_phase5_discovery_test.TestGrants" name="test_filter_open_only" time="0.064" /><testcase classname="backend.tests.backend_phase5_discovery_test.TestGrants" name="test_detail_and_save_unsave" time="0.294" /><testcase classname="backend.tests.backend_phase5_discovery_test.TestPublicationHub" name="test_pipeline_shape" time="0.054" /><testcase classname="backend.tests.backend_phase5_discovery_test.TestPublicationHub" name="test_full_submission_lifecycle" time="0.537" /><testcase classname="backend.tests.backend_phase5_discovery_test.TestPublicationHub" name="test_non_author_cannot_create" time="0.502" /><testcase classname="backend.tests.backend_phase5_discovery_test.TestPublicationHub" name="test_submissions_list_filters" time="0.100" /><testcase classname="backend.tests.backend_phase5_discovery_test.TestPublicationHub" name="test_target_journal_mirrored" time="0.212" /></testsuite></testsuites>