<?xml version="1.0" encoding="utf-8"?><testsuites name="pytest tests"><testsuite name="pytest" errors="0" failures="0" skipped="0" tests="28" time="3.461" timestamp="2026-06-13T13:55:23.577054+00:00" hostname="agent-env-f180f844-eabc-4941-86bd-396ae7d6173c"><testcase classname="backend.tests.backend_phase2_test.TestPhase1Regression" name="test_login_elena_me" time="0.501" /><testcase classname="backend.tests.backend_phase2_test.TestPhase1Regression" name="test_collaborations_seeded" time="0.053" /><testcase classname="backend.tests.backend_phase2_test.TestPhase1Regression" name="test_projects_list" time="0.047" /><testcase classname="backend.tests.backend_phase2_test.TestPhase1Regression" name="test_discover_feed" time="0.056" /><testcase classname="backend.tests.backend_phase2_test.TestJournals" name="test_list_journals" time="0.045" /><testcase classname="backend.tests.backend_phase2_test.TestJournals" name="test_filter_subject_healthcare" time="0.046" /><testcase classname="backend.tests.backend_phase2_test.TestJournals" name="test_filter_q1_open_access" time="0.043" /><testcase classname="backend.tests.backend_phase2_test.TestJournals" name="test_get_journal_detail" time="0.091" /><testcase classname="backend.tests.backend_phase2_test.TestConferences" name="test_list_conferences" time="0.046" /><testcase classname="backend.tests.backend_phase2_test.TestConferences" name="test_filter_ai" time="0.049" /><testcase classname="backend.tests.backend_phase2_test.TestConferences" name="test_get_conference_detail" time="0.094" /><testcase classname="backend.tests.backend_phase2_test.TestFunding" name="test_list_funding" time="0.048" /><testcase classname="backend.tests.backend_phase2_test.TestFunding" name="test_get_funding_detail" time="0.102" /><testcase classname="backend.tests.backend_phase2_test.TestGrants" name="test_grants_overview_shape" time="0.048" /><testcase classname="backend.tests.backend_phase2_test.TestGrants" name="test_save_unsave_grant" time="0.237" /><testcase classname="backend.tests.backend_phase2_test.TestWorkspaces" name="test_list_workspaces" time="0.049" /><testcase classname="backend.tests.backend_phase2_test.TestWorkspaces" name="test_create_get_activity" time="0.197" /><testcase classname="backend.tests.backend_phase2_test.TestWorkspaces" name="test_workspace_permissions" time="0.400" /><testcase classname="backend.tests.backend_phase2_test.TestManuscripts" name="test_list_manuscripts" time="0.049" /><testcase classname="backend.tests.backend_phase2_test.TestManuscripts" name="test_create_and_default_sections" time="0.094" /><testcase classname="backend.tests.backend_phase2_test.TestManuscripts" name="test_update_sections" time="0.100" /><testcase classname="backend.tests.backend_phase2_test.TestManuscripts" name="test_add_author" time="0.098" /><testcase classname="backend.tests.backend_phase2_test.TestManuscripts" name="test_manuscript_permissions" time="0.405" /><testcase classname="backend.tests.backend_phase2_test.TestPublicationHub" name="test_pipeline" time="0.049" /><testcase classname="backend.tests.backend_phase2_test.TestPublicationHub" name="test_change_status" time="0.199" /><testcase classname="backend.tests.backend_phase2_test.TestRepository" name="test_list_repository" time="0.047" /><testcase classname="backend.tests.backend_phase2_test.TestRepository" name="test_filter_dataset" time="0.055" /><testcase classname="backend.tests.backend_phase2_test.TestRepository" name="test_create_document" time="0.101" /></testsuite></testsuites>