<?xml version="1.0" encoding="utf-8"?><testsuites name="pytest tests"><testsuite name="pytest" errors="0" failures="0" skipped="0" tests="27" time="79.434" timestamp="2026-06-13T14:12:37.169477+00:00" hostname="agent-env-f180f844-eabc-4941-86bd-396ae7d6173c"><testcase classname="backend.tests.backend_phase3_test.TestRegression" name="test_elena_login" time="0.465" /><testcase classname="backend.tests.backend_phase3_test.TestRegression" name="test_discover_feed" time="0.076" /><testcase classname="backend.tests.backend_phase3_test.TestRegression" name="test_manuscripts_list" time="0.049" /><testcase classname="backend.tests.backend_phase3_test.TestRegister" name="test_register_creates_free_user" time="0.321" /><testcase classname="backend.tests.backend_phase3_test.TestRegister" name="test_me_returns_same_user" time="0.364" /><testcase classname="backend.tests.backend_phase3_test.TestPasswordFlows" name="test_forgot_password_existing" time="0.107" /><testcase classname="backend.tests.backend_phase3_test.TestPasswordFlows" name="test_forgot_password_unknown_no_enum" time="0.102" /><testcase classname="backend.tests.backend_phase3_test.TestPasswordFlows" name="test_reset_password_full_cycle" time="1.390" /><testcase classname="backend.tests.backend_phase3_test.TestPasswordFlows" name="test_change_password_wrong_current" time="0.595" /><testcase classname="backend.tests.backend_phase3_test.TestPasswordFlows" name="test_change_password_correct" time="1.127" /><testcase classname="backend.tests.backend_phase3_test.TestOnboarding" name="test_complete_onboarding" time="0.434" /><testcase classname="backend.tests.backend_phase3_test.TestMarketingPages" name="test_marketing_page_200[/pricing]" time="0.120" /><testcase classname="backend.tests.backend_phase3_test.TestMarketingPages" name="test_marketing_page_200[/platform]" time="0.096" /><testcase classname="backend.tests.backend_phase3_test.TestMarketingPages" name="test_marketing_page_200[/contact]" time="0.113" /><testcase classname="backend.tests.backend_phase3_test.TestMarketingPages" name="test_marketing_page_200[/terms]" time="0.093" /><testcase classname="backend.tests.backend_phase3_test.TestMarketingPages" name="test_marketing_page_200[/privacy]" time="0.098" /><testcase classname="backend.tests.backend_phase3_test.TestMarketingPages" name="test_marketing_page_200[/gdpr]" time="0.090" /><testcase classname="backend.tests.backend_phase3_test.TestMarketingPages" name="test_marketing_page_200[/cookies]" time="0.092" /><testcase classname="backend.tests.backend_phase3_test.TestMarketingPages" name="test_marketing_page_200[/security]" time="0.098" /><testcase classname="backend.tests.backend_phase3_test.TestBilling" name="test_plans" time="0.094" /><testcase classname="backend.tests.backend_phase3_test.TestBilling" name="test_subscription_elena" time="0.055" /><testcase classname="backend.tests.backend_phase3_test.TestBilling" name="test_checkout_session_returns_503_structured" time="0.049" /><testcase classname="backend.tests.backend_phase3_test.TestBilling" name="test_portal_session_503" time="0.048" /><testcase classname="backend.tests.backend_phase3_test.TestBilling" name="test_webhook_persists" time="0.100" /><testcase classname="backend.tests.backend_phase3_test.TestCredits" name="test_balance" time="0.046" /><testcase classname="backend.tests.backend_phase3_test.TestCredits" name="test_consume_via_collaborator_matching" time="8.175" /><testcase classname="backend.tests.backend_phase3_test.TestCredits" name="test_insufficient_credits_exhaust" time="64.929" /></testsuite></testsuites>